

Started GET "/" for 127.0.0.1 at 2015-07-08 12:01:36 -0500
Processing by Rails::WelcomeController#index as HTML
  Rendered /Users/jcohen/.rbenv/versions/2.1.5/lib/ruby/gems/2.1.0/gems/railties-4.1.8/lib/rails/templates/rails/welcome/index.html.erb (1.3ms)
Completed 200 OK in 15ms (Views: 5.8ms | ActiveRecord: 0.0ms)


Started GET "/" for 127.0.0.1 at 2015-07-08 12:01:38 -0500
Processing by Rails::WelcomeController#index as HTML
  Rendered /Users/jcohen/.rbenv/versions/2.1.5/lib/ruby/gems/2.1.0/gems/railties-4.1.8/lib/rails/templates/rails/welcome/index.html.erb (0.1ms)
  Completed 200 OK in 2ms (Views: 1.8ms | ActiveRecord: 0.0ms)

Started GET "/" for 127.0.0.1 at 2015-07-14 17:05:37 -0500
Processing by PlacesController#index as HTML
  [1m[36mPlace Load (0.7ms)[0m  [1mSELECT "places".* FROM "places"[0m
SQLite3::SQLException: no such table: places: SELECT "places".* FROM "places"
  Rendered places/index.html.erb within layouts/application (8.6ms)
Completed 500 Internal Server Error in 64ms

ActionView::Template::Error (SQLite3::SQLException: no such table: places: SELECT "places".* FROM "places"):
    1: <%= link_to "Add a New Place", "/places/new" %>
    2: 
    3: <ol>
    4:   <% @places.each do |place| %>
    5:     <li>
    6:       <p>
    7:         <%= link_to place.title, "/places/#{place.id}" %> 
  app/views/places/index.html.erb:4:in `_app_views_places_index_html_erb__402775705586094907_70308056881840'


  Rendered /Users/mathewphilip/.rvm/gems/ruby-2.2.1/gems/actionpack-4.1.8/lib/action_dispatch/middleware/templates/rescues/_trace.html.erb (2.4ms)
  Rendered /Users/mathewphilip/.rvm/gems/ruby-2.2.1/gems/actionpack-4.1.8/lib/action_dispatch/middleware/templates/rescues/_request_and_response.html.erb (1.0ms)
  Rendered /Users/mathewphilip/.rvm/gems/ruby-2.2.1/gems/actionpack-4.1.8/lib/action_dispatch/middleware/templates/rescues/template_error.html.erb within rescues/layout (51.4ms)
  [1m[36mPlace Load (0.2ms)[0m  [1mSELECT "places".* FROM "places"[0m
  [1m[36m (1.4ms)[0m  [1mCREATE TABLE "places" ("id" INTEGER PRIMARY KEY AUTOINCREMENT NOT NULL, "title" varchar(255), "photo_url" varchar(255), "admission_price" integer, "description" text) [0m
  [1m[35m (1.2ms)[0m  CREATE TABLE "schema_migrations" ("version" varchar(255) NOT NULL) 
  [1m[36m (0.2ms)[0m  [1mselect sqlite_version(*)[0m
  [1m[35m (1.4ms)[0m  CREATE UNIQUE INDEX "unique_schema_migrations" ON "schema_migrations" ("version")
  [1m[36m (0.2ms)[0m  [1mSELECT version FROM "schema_migrations"[0m
  [1m[35m (1.1ms)[0m  INSERT INTO "schema_migrations" (version) VALUES ('0')
  [1m[36m (1.1ms)[0m  [1mCREATE TABLE "places" ("id" INTEGER PRIMARY KEY AUTOINCREMENT NOT NULL, "title" varchar(255), "photo_url" varchar(255), "admission_price" integer, "description" text) [0m
  [1m[35m (1.0ms)[0m  CREATE TABLE "schema_migrations" ("version" varchar(255) NOT NULL) 
  [1m[36m (0.1ms)[0m  [1mselect sqlite_version(*)[0m
  [1m[35m (0.9ms)[0m  CREATE UNIQUE INDEX "unique_schema_migrations" ON "schema_migrations" ("version")
  [1m[36m (0.1ms)[0m  [1mSELECT version FROM "schema_migrations"[0m
  [1m[35m (0.8ms)[0m  INSERT INTO "schema_migrations" (version) VALUES ('0')
  [1m[36mActiveRecord::SchemaMigration Load (0.1ms)[0m  [1mSELECT "schema_migrations".* FROM "schema_migrations"[0m
  [1m[35mSQL (0.9ms)[0m  DELETE FROM "places"
  [1m[36m (0.1ms)[0m  [1mbegin transaction[0m
  [1m[35mSQL (0.5ms)[0m  INSERT INTO "places" ("admission_price", "description", "photo_url", "title") VALUES (?, ?, ?, ?)  [["admission_price", 50], ["description", "<p>The CN Tower is Toronto’s tallest and most defining landmark. Photos of Toronto are often defined by the building, which stretches more than 550 metres into the sky.</p><p>Today, aside from serving as a hub for telecommunications across the city, the CN Tower has become a major tourist destination. Visitors can test their courage by walking across the glass floor 113 stories above the ground. The first of its kind in the world, the glass floor gives you that dare-to-walk-on-air experience, with only 2.5 inches of glass holding you 342 metres in the air. The glass floor is actually stronger than most commercial floors and has the strength to hold 38,556 kg (85,000 lbs) or 14 hippos! Or, if you dare, travel higher up the tower to the Sky Pod, another 33 storeys above ground.</p>"], ["photo_url", "http://torontodotcomassets.s3.amazonaws.com/wp-content/uploads/2013/02/610919-324776_7-174x116.jpg"], ["title", "CN Tower"]]
  [1m[36m (1.0ms)[0m  [1mcommit transaction[0m
  [1m[35m (0.1ms)[0m  begin transaction
  [1m[36mSQL (0.3ms)[0m  [1mINSERT INTO "places" ("admission_price", "description", "photo_url", "title") VALUES (?, ?, ?, ?)[0m  [["admission_price", 65], ["description", "Canada’s Wonderland is Canada’s first and largest theme park featuring over 200 attractions, 68 thrilling rides, North America’s greatest variety of roller coasters, Splash Works, a 20-acre water park and live shows. At 306 feet (93.27 m) in the air, Leviathan is the tallest ride in the park, dropping riders at an intense 80 degree angle. Across the way, Behemoth has eight extreme drops, open air seating, high speed twists, turns and loops. The daring may want to be lifted 23 stories high and then dropped at 100 kilometres per hour aboard Drop Tower. Not to be outdone are Vortex, Canada’s first suspended roller coaster, an intense corkscrew design in The Bat, Skyrider’s shark curves and side-winding helix (standing up of course), Dragon Fire’s two 360-degree loops, the trek through Wonder Mountain aboard Thunder Run, Windseeker, a 301 ft swing ride, and let’s not forget the coaster that lives up to its name, The Mighty Canadian Minebuster, the largest and longest wooden coaster in Canada."], ["photo_url", "http://torontodotcomassets.s3.amazonaws.com/wp-content/uploads/2013/02/723185-424996_31-174x116.jpg"], ["title", "Canada’s Wonderland"]]
  [1m[35m (0.8ms)[0m  commit transaction
  [1m[36m (0.1ms)[0m  [1mbegin transaction[0m
  [1m[35mSQL (0.3ms)[0m  INSERT INTO "places" ("admission_price", "description", "photo_url", "title") VALUES (?, ?, ?, ?)  [["admission_price", 30], ["description", "Harbourfront Centre is a year-round facility, featuring concerts, dance performances, readings, films and kids’ shows every weekend and many weeknights throughout the year. The centre puts a large emphasis on culturally diverse acts, and the corporate community’s involvement enables an incredible draw of international talent. Harbourfront Centre has several major venues for music, dance and cultural events, in and around two major multi-use buildings. The Queens Quay Terminal houses a wide variety of shops and services. The York Quay Centre houses an art gallery, installations, the Lakeside Terrace, a patio and an information booth. There is also a large pond that doubles as a seasonal, outdoor skating rink."], ["photo_url", "http://torontodotcomassets.s3.amazonaws.com/wp-content/uploads/2014/01/Harbourfront-Centre-patio-174x116.jpg"], ["title", "Harbourfront Centre"]]
  [1m[36m (0.9ms)[0m  [1mcommit transaction[0m
  [1m[35m (0.1ms)[0m  begin transaction
  [1m[36mSQL (0.2ms)[0m  [1mINSERT INTO "places" ("admission_price", "description", "photo_url", "title") VALUES (?, ?, ?, ?)[0m  [["admission_price", 40], ["description", "Generations of children and adults have trooped through the museum since it first opened in 1914. With six million objects in its collections and 40 galleries of art, archaeology and natural science, the ROM offers a whole world to explore. Four giant carved totem poles rise in the centre of the stairwells; the largest is 24.5 metres (over 80 ft.) tall. The hands-on Biodiversity gallery offers families a fun interactive experience about the interdependence of people, animals and plants. The dramatic Michael Lee-Chin Crystal expansion houses six permanent collection galleries that feature many objects never before displayed, along with some old favourites. They include dinosaurs and mammals, the cultures of South and Central Asia, Africa, the American continents, the Asia-Pacific region (including Oceania) along with textiles and costumes from around the world."], ["photo_url", "http://torontodotcomassets.s3.amazonaws.com/wp-content/uploads/2013/02/643390-357337_31-174x116.jpg"], ["title", "Royal Ontario Museum (ROM)"]]
  [1m[35m (0.7ms)[0m  commit transaction
  [1m[36m (0.0ms)[0m  [1mbegin transaction[0m
  [1m[35mSQL (0.2ms)[0m  INSERT INTO "places" ("admission_price", "description", "photo_url", "title") VALUES (?, ?, ?, ?)  [["admission_price", 30], ["description", "Medieval Times Dinner & Tournament is a living link to the past where the glory, chivalry and valor of old burst to life in authentic tournament action. While guests enjoy a four-course banquet served medieval style, six brave knights compete in games of skill astride magnificent Andalusian stallions. Lances splinter against steel shields, broad swords spark and a champion emerges, to the cheers of the enthusiastic crowd. The spectacle unfolds nightly inside a fully enclosed European-style castle. Surprisingly odorless, (due to the crushed granite on which the action takes place), the Grand Ceremonial Arena offers seating for up to 1,400 guests. The Knight Club, offering full bar service, comes to life each evening after the final performance giving guests the opportunity to meet the show cast, take pictures, get autographs and dance to selections from the medieval jukebox. Other features include a medieval-themed Convention Hall available for all types of corporate, school, team and special events. Vegetarian, Halal and Kosher meals available."], ["photo_url", "http://torontodotcomassets.s3.amazonaws.com/wp-content/uploads/2013/03/391132_10150993591595048_1262466797_n-174x116.jpg"], ["title", "Medieval Times Toronto"]]
  [1m[36m (1.0ms)[0m  [1mcommit transaction[0m
  [1m[35m (0.1ms)[0m  begin transaction
  [1m[36mSQL (0.7ms)[0m  [1mINSERT INTO "places" ("admission_price", "description", "photo_url", "title") VALUES (?, ?, ?, ?)[0m  [["admission_price", 20], ["description", "A visit to Black Creek Pioneer Village is a step back in time to 19th-century Ontario. Forty authentically restored homes, workshops, public buildings and farms recreate the atmosphere of life in a rural Victorian community of the 1860s. Craftspeople and workers wearing period costumes demonstrate skills such as open-hearth cooking, bread-making, looming, milling, blacksmithing, sewing, printing and more. The Event Pavilion opens its doors to a host of possibilities for Black Creek Pioneer Village. The covered pavilion includes a stage, seating for up to 300 people and a snack bar. In the past it was home to the Métis Arts Festival and the Celtic Sounds Festival. The Bolton Shop showcases the history of photography and techniques used in the 1860s in a 19th century studio. The studio has family-friendly activities and the opportunity to strike a pose."], ["photo_url", "http://torontodotcomassets.s3.amazonaws.com/wp-content/uploads/2015/05/blackcreek-174x116.jpg"], ["title", "Black Creek Pioneer Village"]]
  [1m[35m (7.8ms)[0m  commit transaction
  [1m[36m (2.5ms)[0m  [1mCREATE TABLE "places" ("id" INTEGER PRIMARY KEY AUTOINCREMENT NOT NULL) [0m
  [1m[35m (1.1ms)[0m  ALTER TABLE "places" ADD "title" varchar(255)
  [1m[36m (0.9ms)[0m  [1mALTER TABLE "places" ADD "photo_url" varchar(255)[0m
  [1m[35m (0.8ms)[0m  ALTER TABLE "places" ADD "admission_price" integer
  [1m[36m (0.8ms)[0m  [1mALTER TABLE "places" ADD "description" text[0m
  [1m[35m (1.2ms)[0m  CREATE TABLE "schema_migrations" ("version" varchar(255) NOT NULL) 
  [1m[36m (0.1ms)[0m  [1mselect sqlite_version(*)[0m
  [1m[35m (0.9ms)[0m  CREATE UNIQUE INDEX "unique_schema_migrations" ON "schema_migrations" ("version")
  [1m[36mActiveRecord::SchemaMigration Load (0.1ms)[0m  [1mSELECT "schema_migrations".* FROM "schema_migrations"[0m
  [1m[36mActiveRecord::SchemaMigration Load (0.1ms)[0m  [1mSELECT "schema_migrations".* FROM "schema_migrations"[0m
  [1m[35mSQL (3.4ms)[0m  DELETE FROM "places"
  [1m[36m (0.1ms)[0m  [1mbegin transaction[0m
  [1m[35mSQL (0.4ms)[0m  INSERT INTO "places" ("admission_price", "description", "photo_url", "title") VALUES (?, ?, ?, ?)  [["admission_price", 50], ["description", "<p>The CN Tower is Toronto’s tallest and most defining landmark. Photos of Toronto are often defined by the building, which stretches more than 550 metres into the sky.</p><p>Today, aside from serving as a hub for telecommunications across the city, the CN Tower has become a major tourist destination. Visitors can test their courage by walking across the glass floor 113 stories above the ground. The first of its kind in the world, the glass floor gives you that dare-to-walk-on-air experience, with only 2.5 inches of glass holding you 342 metres in the air. The glass floor is actually stronger than most commercial floors and has the strength to hold 38,556 kg (85,000 lbs) or 14 hippos! Or, if you dare, travel higher up the tower to the Sky Pod, another 33 storeys above ground.</p>"], ["photo_url", "http://torontodotcomassets.s3.amazonaws.com/wp-content/uploads/2013/02/610919-324776_7-174x116.jpg"], ["title", "CN Tower"]]
  [1m[36m (0.9ms)[0m  [1mcommit transaction[0m
  [1m[35m (0.1ms)[0m  begin transaction
  [1m[36mSQL (0.3ms)[0m  [1mINSERT INTO "places" ("admission_price", "description", "photo_url", "title") VALUES (?, ?, ?, ?)[0m  [["admission_price", 65], ["description", "Canada’s Wonderland is Canada’s first and largest theme park featuring over 200 attractions, 68 thrilling rides, North America’s greatest variety of roller coasters, Splash Works, a 20-acre water park and live shows. At 306 feet (93.27 m) in the air, Leviathan is the tallest ride in the park, dropping riders at an intense 80 degree angle. Across the way, Behemoth has eight extreme drops, open air seating, high speed twists, turns and loops. The daring may want to be lifted 23 stories high and then dropped at 100 kilometres per hour aboard Drop Tower. Not to be outdone are Vortex, Canada’s first suspended roller coaster, an intense corkscrew design in The Bat, Skyrider’s shark curves and side-winding helix (standing up of course), Dragon Fire’s two 360-degree loops, the trek through Wonder Mountain aboard Thunder Run, Windseeker, a 301 ft swing ride, and let’s not forget the coaster that lives up to its name, The Mighty Canadian Minebuster, the largest and longest wooden coaster in Canada."], ["photo_url", "http://torontodotcomassets.s3.amazonaws.com/wp-content/uploads/2013/02/723185-424996_31-174x116.jpg"], ["title", "Canada’s Wonderland"]]
  [1m[35m (0.8ms)[0m  commit transaction
  [1m[36m (0.1ms)[0m  [1mbegin transaction[0m
  [1m[35mSQL (0.2ms)[0m  INSERT INTO "places" ("admission_price", "description", "photo_url", "title") VALUES (?, ?, ?, ?)  [["admission_price", 30], ["description", "Harbourfront Centre is a year-round facility, featuring concerts, dance performances, readings, films and kids’ shows every weekend and many weeknights throughout the year. The centre puts a large emphasis on culturally diverse acts, and the corporate community’s involvement enables an incredible draw of international talent. Harbourfront Centre has several major venues for music, dance and cultural events, in and around two major multi-use buildings. The Queens Quay Terminal houses a wide variety of shops and services. The York Quay Centre houses an art gallery, installations, the Lakeside Terrace, a patio and an information booth. There is also a large pond that doubles as a seasonal, outdoor skating rink."], ["photo_url", "http://torontodotcomassets.s3.amazonaws.com/wp-content/uploads/2014/01/Harbourfront-Centre-patio-174x116.jpg"], ["title", "Harbourfront Centre"]]
  [1m[36m (0.7ms)[0m  [1mcommit transaction[0m
  [1m[35m (0.0ms)[0m  begin transaction
  [1m[36mSQL (0.2ms)[0m  [1mINSERT INTO "places" ("admission_price", "description", "photo_url", "title") VALUES (?, ?, ?, ?)[0m  [["admission_price", 40], ["description", "Generations of children and adults have trooped through the museum since it first opened in 1914. With six million objects in its collections and 40 galleries of art, archaeology and natural science, the ROM offers a whole world to explore. Four giant carved totem poles rise in the centre of the stairwells; the largest is 24.5 metres (over 80 ft.) tall. The hands-on Biodiversity gallery offers families a fun interactive experience about the interdependence of people, animals and plants. The dramatic Michael Lee-Chin Crystal expansion houses six permanent collection galleries that feature many objects never before displayed, along with some old favourites. They include dinosaurs and mammals, the cultures of South and Central Asia, Africa, the American continents, the Asia-Pacific region (including Oceania) along with textiles and costumes from around the world."], ["photo_url", "http://torontodotcomassets.s3.amazonaws.com/wp-content/uploads/2013/02/643390-357337_31-174x116.jpg"], ["title", "Royal Ontario Museum (ROM)"]]
  [1m[35m (0.7ms)[0m  commit transaction
  [1m[36m (0.0ms)[0m  [1mbegin transaction[0m
  [1m[35mSQL (0.3ms)[0m  INSERT INTO "places" ("admission_price", "description", "photo_url", "title") VALUES (?, ?, ?, ?)  [["admission_price", 30], ["description", "Medieval Times Dinner & Tournament is a living link to the past where the glory, chivalry and valor of old burst to life in authentic tournament action. While guests enjoy a four-course banquet served medieval style, six brave knights compete in games of skill astride magnificent Andalusian stallions. Lances splinter against steel shields, broad swords spark and a champion emerges, to the cheers of the enthusiastic crowd. The spectacle unfolds nightly inside a fully enclosed European-style castle. Surprisingly odorless, (due to the crushed granite on which the action takes place), the Grand Ceremonial Arena offers seating for up to 1,400 guests. The Knight Club, offering full bar service, comes to life each evening after the final performance giving guests the opportunity to meet the show cast, take pictures, get autographs and dance to selections from the medieval jukebox. Other features include a medieval-themed Convention Hall available for all types of corporate, school, team and special events. Vegetarian, Halal and Kosher meals available."], ["photo_url", "http://torontodotcomassets.s3.amazonaws.com/wp-content/uploads/2013/03/391132_10150993591595048_1262466797_n-174x116.jpg"], ["title", "Medieval Times Toronto"]]
  [1m[36m (0.8ms)[0m  [1mcommit transaction[0m
  [1m[35m (0.0ms)[0m  begin transaction
  [1m[36mSQL (0.4ms)[0m  [1mINSERT INTO "places" ("admission_price", "description", "photo_url", "title") VALUES (?, ?, ?, ?)[0m  [["admission_price", 20], ["description", "A visit to Black Creek Pioneer Village is a step back in time to 19th-century Ontario. Forty authentically restored homes, workshops, public buildings and farms recreate the atmosphere of life in a rural Victorian community of the 1860s. Craftspeople and workers wearing period costumes demonstrate skills such as open-hearth cooking, bread-making, looming, milling, blacksmithing, sewing, printing and more. The Event Pavilion opens its doors to a host of possibilities for Black Creek Pioneer Village. The covered pavilion includes a stage, seating for up to 300 people and a snack bar. In the past it was home to the Métis Arts Festival and the Celtic Sounds Festival. The Bolton Shop showcases the history of photography and techniques used in the 1860s in a 19th century studio. The studio has family-friendly activities and the opportunity to strike a pose."], ["photo_url", "http://torontodotcomassets.s3.amazonaws.com/wp-content/uploads/2015/05/blackcreek-174x116.jpg"], ["title", "Black Creek Pioneer Village"]]
  [1m[35m (0.7ms)[0m  commit transaction
  [1m[36mPlace Load (0.3ms)[0m  [1mSELECT "places".* FROM "places"[0m
